DONE READING DICTIONARY
a e t m 
s n i a 
e r f o 
b a t i 
abe
aberia
abrim
abrin
aer
aerie
aes
afaint
afar
afire
afoam
aft
aim
aint
air
aira
aire
airt
ait
ami
amin
amine
amir
amt
anear
anes
ani
anima
animate
anita
anser
ant
anta
ante
antes
anti
antifat
antifoam
are
arena
arenae
arent
aria
aries
arioi
ariot
arite
arn
arna
arne
arni
arse
art
ase
ate
aten
ates
ati
atria
bae
baeria
baft
bar
bare
bari
baria
barie
barit
barite
barn
barse
bart
bat
bea
bear
beat
ben
bena
bene
benet
beni
bent
ber
berat
beri
berinse
bern
berne
bernie
bert
bes
besa
besan
beset
besra
bra
brae
brat
brent
brim
brin
brine
brit
ean
ear
earn
earnie
ease
easer
eat
ebriate
eneas
enif
ens
ense
enseat
enserf
entia
entire
era
eria
erie
erne
ernie
ers
erse
esne
eta
etamin
etamine
etna
fabes
fae
faerie
fain
fains
faint
fair
fam
famine
far
fare
farina
farse
farset
fat
fate
fiat
fie
fient
fin
fine
fiot
fir
fire
firn
fit
foam
fot
fra
frab
frae
frat
frim
frit
iao
ima
inert
infare
infit
infra
insea
insert
inset
iota
ira
ire
irena
irene
ita
itea
iten
ito
main
maine
mains
maint
maire
mao
mat
mate
matin
matins
miao
mien
min
mina
mine
mines
mint
mir
mira
mire
mite
nae
nea
neb
nei
neif
neri
nerita
nese
net
neti
nim
niota
nit
oaf
oam
oat
oaten
oft
oint
otaria
otarine
rab
raft
rat
ratio
rea
reb
rebato
renes
renet
rent
resent
reset
ria
rie
rifi
rift
rim
rima
rimate
rine
rinse
rio
riot
rit
rita
rite
saeima
san
sane
sant
santa
santir
sea
sean
seba
seine
seiner
seit
sen
sent
ser
sera
serab
serb
serf
seri
seriate
serif
serin
serine
serio
sert
serta
set
seta
sneb
snift
snirt
snite
sri
tab
taberna
tabes
tae
taen
taenia
taeniate
taenite
tafia
taft
tai
tain
tairn
tam
tao
tar
tare
tarente
tarfa
tari
tarie
tarin
tarn
tars
tarse
tea
tean
tease
teaser
ten
tenebra
tenebrio
tenio
tense
tiam
tiao
tie
tien
tift
tim
tin
tina
tine
tinea
tire
toa
toat
toi
toit
tra
trent
tri
triene
triens
trifa
trim
trin
trine
trio
trite
